{"meta": {"format": 3, "version": "7.13.5", "timestamp": "2026-03-24T20:17:28.299863", "branch_coverage": false, "show_contexts": false}, "files": {"src/cv_system/calibration/__init__.py": {"executed_lines": [10, 11, 12, 17, 18, 19, 21], "summary": {"covered_lines": 7, "num_statements": 7, "percent_covered": 100.0, "percent_covered_display": "100", "missing_lines": 0, "excluded_lines": 0, "percent_statements_covered": 100.0, "percent_statements_covered_display": "100"}, "missing_lines": [], "excluded_lines": [], "functions": {"": {"executed_lines": [10, 11, 12, 17, 18, 19, 21], "summary": {"covered_lines": 7, "num_statements": 7, "percent_covered": 100.0, "percent_covered_display": "100", "missing_lines": 0, "excluded_lines": 0, "percent_statements_covered": 100.0, "percent_statements_covered_display": "100"}, "missing_lines": [], "excluded_lines": [], "start_line": 1}}, "classes": {"": {"executed_lines": [10, 11, 12, 17, 18, 19, 21], "summary": {"covered_lines": 7, "num_statements": 7, "percent_covered": 100.0, "percent_covered_display": "100", "missing_lines": 0, "excluded_lines": 0, "percent_statements_covered": 100.0, "percent_statements_covered_display": "100"}, "missing_lines": [], "excluded_lines": [], "start_line": 1}}}, "src/cv_system/calibration/calibrator.py": {"executed_lines": [15, 16, 18, 20, 21, 22, 23, 24, 25, 26, 28, 31, 50, 64, 65, 68, 69, 71, 72, 73, 75, 76, 82, 85, 87, 92, 111, 112, 113, 115, 118, 119, 120, 121, 124, 125, 126, 133, 139, 140, 141, 144, 145, 157, 161, 162, 163, 164, 165, 166, 168, 170, 188, 189, 191, 193, 194, 195, 196, 199, 200, 201, 202, 207, 208, 209, 210, 213, 216, 217, 218, 219, 220, 223, 227, 228, 229, 233, 239, 242, 248, 252, 253, 255, 257, 259, 260, 263, 265, 274, 277, 278, 279, 280, 284, 285, 294, 296, 297, 299, 316, 320, 324, 325, 330, 336, 339, 345, 346, 349, 351, 352], "summary": {"covered_lines": 112, "num_statements": 122, "percent_covered": 91.80327868852459, "percent_covered_display": "92", "missing_lines": 10, "excluded_lines": 0, "percent_statements_covered": 91.80327868852459, "percent_statements_covered_display": "92"}, "missing_lines": [234, 249, 261, 262, 281, 282, 317, 326, 331, 340], "excluded_lines": [], "functions": {"Calibrator.__init__": {"executed_lines": [64, 65, 68, 69, 71, 72, 73, 75, 76, 82, 85, 87], "summary": {"covered_lines": 12, "num_statements": 12, "percent_covered": 100.0, "percent_covered_display": "100", "missing_lines": 0, "excluded_lines": 0, "percent_statements_covered": 100.0, "percent_statements_covered_display": "100"}, "missing_lines": [], "excluded_lines": [], "start_line": 50}, "Calibrator.run": {"executed_lines": [111, 112, 113, 115, 118, 119, 120, 121, 124, 125, 126, 133, 139, 140, 141, 144, 145, 157, 161, 162, 163, 164, 165, 166, 168], "summary": {"covered_lines": 25, "num_statements": 25, "percent_covered": 100.0, "percent_covered_display": "100", "missing_lines": 0, "excluded_lines": 0, "percent_statements_covered": 100.0, "percent_statements_covered_display": "100"}, "missing_lines": [], "excluded_lines": [], "start_line": 92}, "Calibrator._compute_homography": {"executed_lines": [188, 189, 191, 193, 194, 195, 196, 199, 200, 201, 202, 207, 208, 209, 210, 213, 216, 217, 218, 219, 220, 223, 227, 228, 229, 233, 239, 242, 248, 252, 253, 255, 257, 259, 260, 263], "summary": {"covered_lines": 36, "num_statements": 40, "percent_covered": 90.0, "percent_covered_display": "90", "missing_lines": 4, "excluded_lines": 0, "percent_statements_covered": 90.0, "percent_statements_covered_display": "90"}, "missing_lines": [234, 249, 261, 262], "excluded_lines": [], "start_line": 170}, "Calibrator._generate_dmax_map": {"executed_lines": [274, 277, 284, 285, 294, 296, 297], "summary": {"covered_lines": 7, "num_statements": 7, "percent_covered": 100.0, "percent_covered_display": "100", "missing_lines": 0, "excluded_lines": 0, "percent_statements_covered": 100.0, "percent_statements_covered_display": "100"}, "missing_lines": [], "excluded_lines": [], "start_line": 265}, "Calibrator._generate_dmax_map.capture_frame": {"executed_lines": [278, 279, 280], "summary": {"covered_lines": 3, "num_statements": 5, "percent_covered": 60.0, "percent_covered_display": "60", "missing_lines": 2, "excluded_lines": 0, "percent_statements_covered": 60.0, "percent_statements_covered_display": "60"}, "missing_lines": [281, 282], "excluded_lines": [], "start_line": 277}, "Calibrator._validate_results": {"executed_lines": [316, 320, 324, 325, 330, 336, 339, 345, 346, 349, 351, 352], "summary": {"covered_lines": 12, "num_statements": 16, "percent_covered": 75.0, "percent_covered_display": "75", "missing_lines": 4, "excluded_lines": 0, "percent_statements_covered": 75.0, "percent_statements_covered_display": "75"}, "missing_lines": [317, 326, 331, 340], "excluded_lines": [], "start_line": 299}, "": {"executed_lines": [15, 16, 18, 20, 21, 22, 23, 24, 25, 26, 28, 31, 50, 92, 170, 265, 299], "summary": {"covered_lines": 17, "num_statements": 17, "percent_covered": 100.0, "percent_covered_display": "100", "missing_lines": 0, "excluded_lines": 0, "percent_statements_covered": 100.0, "percent_statements_covered_display": "100"}, "missing_lines": [], "excluded_lines": [], "start_line": 1}}, "classes": {"Calibrator": {"executed_lines": [64, 65, 68, 69, 71, 72, 73, 75, 76, 82, 85, 87, 111, 112, 113, 115, 118, 119, 120, 121, 124, 125, 126, 133, 139, 140, 141, 144, 145, 157, 161, 162, 163, 164, 165, 166, 168, 188, 189, 191, 193, 194, 195, 196, 199, 200, 201, 202, 207, 208, 209, 210, 213, 216, 217, 218, 219, 220, 223, 227, 228, 229, 233, 239, 242, 248, 252, 253, 255, 257, 259, 260, 263, 274, 277, 278, 279, 280, 284, 285, 294, 296, 297, 316, 320, 324, 325, 330, 336, 339, 345, 346, 349, 351, 352], "summary": {"covered_lines": 95, "num_statements": 105, "percent_covered": 90.47619047619048, "percent_covered_display": "90", "missing_lines": 10, "excluded_lines": 0, "percent_statements_covered": 90.47619047619048, "percent_statements_covered_display": "90"}, "missing_lines": [234, 249, 261, 262, 281, 282, 317, 326, 331, 340], "excluded_lines": [], "start_line": 31}, "": {"executed_lines": [15, 16, 18, 20, 21, 22, 23, 24, 25, 26, 28, 31, 50, 92, 170, 265, 299], "summary": {"covered_lines": 17, "num_statements": 17, "percent_covered": 100.0, "percent_covered_display": "100", "missing_lines": 0, "excluded_lines": 0, "percent_statements_covered": 100.0, "percent_statements_covered_display": "100"}, "missing_lines": [], "excluded_lines": [], "start_line": 1}}}, "src/cv_system/calibration/dmax.py": {"executed_lines": [11, 12, 14, 17, 40, 42, 45, 46, 50, 52, 53, 55, 56, 58, 59, 60, 63, 64, 69, 73, 74, 77, 79, 82, 87, 89, 94, 95, 100, 104, 105, 108, 109, 111, 113, 116, 128, 129, 131, 140], "summary": {"covered_lines": 40, "num_statements": 50, "percent_covered": 80.0, "percent_covered_display": "80", "missing_lines": 10, "excluded_lines": 0, "percent_statements_covered": 80.0, "percent_statements_covered_display": "80"}, "missing_lines": [41, 43, 83, 84, 85, 90, 91, 92, 101, 132], "excluded_lines": [], "functions": {"generate_dmax_map": {"executed_lines": [40, 42, 45, 46, 50, 52, 53, 55, 56, 58, 59, 60, 63, 64, 69, 73, 74, 77, 79, 82, 87, 89, 94, 95, 100, 104, 105, 108, 109, 111, 113], "summary": {"covered_lines": 31, "num_statements": 40, "percent_covered": 77.5, "percent_covered_display": "78", "missing_lines": 9, "excluded_lines": 0, "percent_statements_covered": 77.5, "percent_statements_covered_display": "78"}, "missing_lines": [41, 43, 83, 84, 85, 90, 91, 92, 101], "excluded_lines": [], "start_line": 17}, "compute_depth_stats": {"executed_lines": [128, 129, 131, 140], "summary": {"covered_lines": 4, "num_statements": 5, "percent_covered": 80.0, "percent_covered_display": "80", "missing_lines": 1, "excluded_lines": 0, "percent_statements_covered": 80.0, "percent_statements_covered_display": "80"}, "missing_lines": [132], "excluded_lines": [], "start_line": 116}, "": {"executed_lines": [11, 12, 14, 17, 116], "summary": {"covered_lines": 5, "num_statements": 5, "percent_covered": 100.0, "percent_covered_display": "100", "missing_lines": 0, "excluded_lines": 0, "percent_statements_covered": 100.0, "percent_statements_covered_display": "100"}, "missing_lines": [], "excluded_lines": [], "start_line": 1}}, "classes": {"": {"executed_lines": [11, 12, 14, 17, 40, 42, 45, 46, 50, 52, 53, 55, 56, 58, 59, 60, 63, 64, 69, 73, 74, 77, 79, 82, 87, 89, 94, 95, 100, 104, 105, 108, 109, 111, 113, 116, 128, 129, 131, 140], "summary": {"covered_lines": 40, "num_statements": 50, "percent_covered": 80.0, "percent_covered_display": "80", "missing_lines": 10, "excluded_lines": 0, "percent_statements_covered": 80.0, "percent_statements_covered_display": "80"}, "missing_lines": [41, 43, 83, 84, 85, 90, 91, 92, 101, 132], "excluded_lines": [], "start_line": 1}}}, "src/cv_system/calibration/homography.py": {"executed_lines": [8, 11, 41, 42, 50, 57, 58, 62, 63, 70, 71, 74, 78, 84, 87, 89, 92, 121, 130, 132, 135, 136, 139, 141], "summary": {"covered_lines": 24, "num_statements": 42, "percent_covered": 57.142857142857146, "percent_covered_display": "57", "missing_lines": 18, "excluded_lines": 0, "percent_statements_covered": 57.142857142857146, "percent_statements_covered_display": "57"}, "missing_lines": [43, 44, 51, 59, 64, 75, 79, 103, 104, 105, 106, 112, 115, 118, 131, 133, 137, 140], "excluded_lines": [], "functions": {"compute_homography": {"executed_lines": [41, 42, 50, 57, 58, 62, 63, 70, 71, 74, 78, 84, 87, 89], "summary": {"covered_lines": 14, "num_statements": 21, "percent_covered": 66.66666666666667, "percent_covered_display": "67", "missing_lines": 7, "excluded_lines": 0, "percent_statements_covered": 66.66666666666667, "percent_statements_covered_display": "67"}, "missing_lines": [43, 44, 51, 59, 64, 75, 79], "excluded_lines": [], "start_line": 11}, "apply_homography": {"executed_lines": [], "summary": {"covered_lines": 0, "num_statements": 7, "percent_covered": 0.0, "percent_covered_display": "0", "missing_lines": 7, "excluded_lines": 0, "percent_statements_covered": 0.0, "percent_statements_covered_display": "0"}, "missing_lines": [103, 104, 105, 106, 112, 115, 118], "excluded_lines": [], "start_line": 92}, "validate_homography": {"executed_lines": [130, 132, 135, 136, 139, 141], "summary": {"covered_lines": 6, "num_statements": 10, "percent_covered": 60.0, "percent_covered_display": "60", "missing_lines": 4, "excluded_lines": 0, "percent_statements_covered": 60.0, "percent_statements_covered_display": "60"}, "missing_lines": [131, 133, 137, 140], "excluded_lines": [], "start_line": 121}, "": {"executed_lines": [8, 11, 92, 121], "summary": {"covered_lines": 4, "num_statements": 4, "percent_covered": 100.0, "percent_covered_display": "100", "missing_lines": 0, "excluded_lines": 0, "percent_statements_covered": 100.0, "percent_statements_covered_display": "100"}, "missing_lines": [], "excluded_lines": [], "start_line": 1}}, "classes": {"": {"executed_lines": [8, 11, 41, 42, 50, 57, 58, 62, 63, 70, 71, 74, 78, 84, 87, 89, 92, 121, 130, 132, 135, 136, 139, 141], "summary": {"covered_lines": 24, "num_statements": 42, "percent_covered": 57.142857142857146, "percent_covered_display": "57", "missing_lines": 18, "excluded_lines": 0, "percent_statements_covered": 57.142857142857146, "percent_statements_covered_display": "57"}, "missing_lines": [43, 44, 51, 59, 64, 75, 79, 103, 104, 105, 106, 112, 115, 118, 131, 133, 137, 140], "excluded_lines": [], "start_line": 1}}}, "src/cv_system/calibration/marker_detector.py": {"executed_lines": [19, 21, 24, 27, 45, 46, 47, 48, 50, 71, 72, 74, 75, 76, 79, 80, 82, 83, 84, 87, 88, 93, 94, 96, 97, 100, 101, 104, 107, 108, 110, 115, 118, 120, 126, 149, 150, 154, 155, 160, 161, 166, 168, 169, 173, 178, 179, 187, 188, 191, 192, 198, 202, 204, 205, 212, 213, 214, 217, 218, 221, 224, 225, 228, 229, 230, 231, 235, 239, 240, 241, 242, 245, 253, 254, 258, 259, 261, 269, 271, 276, 281, 282, 288, 290, 291, 292, 298, 299, 301, 307, 309, 321, 325, 326, 329, 330, 333, 334, 337, 338, 340, 348, 350, 352], "summary": {"covered_lines": 105, "num_statements": 112, "percent_covered": 93.75, "percent_covered_display": "94", "missing_lines": 7, "excluded_lines": 0, "percent_statements_covered": 93.75, "percent_statements_covered_display": "94"}, "missing_lines": [180, 181, 246, 250, 255, 256, 322], "excluded_lines": [], "functions": {"MarkerDetector.__init__": {"executed_lines": [71, 72, 74, 75, 76, 79, 80, 82, 83, 84, 87, 88, 93, 94, 96, 97, 100, 101, 104, 107, 108, 110, 115, 118, 120], "summary": {"covered_lines": 25, "num_statements": 25, "percent_covered": 100.0, "percent_covered_display": "100", "missing_lines": 0, "excluded_lines": 0, "percent_statements_covered": 100.0, "percent_statements_covered_display": "100"}, "missing_lines": [], "excluded_lines": [], "start_line": 50}, "MarkerDetector.detect_markers": {"executed_lines": [149, 150, 154, 155, 160, 161, 166, 168, 169, 173, 178, 179, 187, 188, 191, 192, 198, 202, 204, 205, 212, 213, 214, 217, 218, 221, 224, 225, 228, 229, 230, 231, 235, 239, 240, 241, 242, 245, 253, 254, 258, 259, 261, 269, 271, 276, 281, 282, 288, 290, 291, 292, 298, 299, 301, 307], "summary": {"covered_lines": 56, "num_statements": 62, "percent_covered": 90.3225806451613, "percent_covered_display": "90", "missing_lines": 6, "excluded_lines": 0, "percent_statements_covered": 90.3225806451613, "percent_statements_covered_display": "90"}, "missing_lines": [180, 181, 246, 250, 255, 256], "excluded_lines": [], "start_line": 126}, "MarkerDetector._sort_markers_by_position": {"executed_lines": [321, 325, 326, 329, 330, 333, 334, 337, 338, 340, 348], "summary": {"covered_lines": 11, "num_statements": 12, "percent_covered": 91.66666666666667, "percent_covered_display": "92", "missing_lines": 1, "excluded_lines": 0, "percent_statements_covered": 91.66666666666667, "percent_statements_covered_display": "92"}, "missing_lines": [322], "excluded_lines": [], "start_line": 309}, "MarkerDetector.__repr__": {"executed_lines": [352], "summary": {"covered_lines": 1, "num_statements": 1, "percent_covered": 100.0, "percent_covered_display": "100", "missing_lines": 0, "excluded_lines": 0, "percent_statements_covered": 100.0, "percent_statements_covered_display": "100"}, "missing_lines": [], "excluded_lines": [], "start_line": 350}, "": {"executed_lines": [19, 21, 24, 27, 45, 46, 47, 48, 50, 126, 309, 350], "summary": {"covered_lines": 12, "num_statements": 12, "percent_covered": 100.0, "percent_covered_display": "100", "missing_lines": 0, "excluded_lines": 0, "percent_statements_covered": 100.0, "percent_statements_covered_display": "100"}, "missing_lines": [], "excluded_lines": [], "start_line": 1}}, "classes": {"MarkerDetector": {"executed_lines": [71, 72, 74, 75, 76, 79, 80, 82, 83, 84, 87, 88, 93, 94, 96, 97, 100, 101, 104, 107, 108, 110, 115, 118, 120, 149, 150, 154, 155, 160, 161, 166, 168, 169, 173, 178, 179, 187, 188, 191, 192, 198, 202, 204, 205, 212, 213, 214, 217, 218, 221, 224, 225, 228, 229, 230, 231, 235, 239, 240, 241, 242, 245, 253, 254, 258, 259, 261, 269, 271, 276, 281, 282, 288, 290, 291, 292, 298, 299, 301, 307, 321, 325, 326, 329, 330, 333, 334, 337, 338, 340, 348, 352], "summary": {"covered_lines": 93, "num_statements": 100, "percent_covered": 93.0, "percent_covered_display": "93", "missing_lines": 7, "excluded_lines": 0, "percent_statements_covered": 93.0, "percent_statements_covered_display": "93"}, "missing_lines": [180, 181, 246, 250, 255, 256, 322], "excluded_lines": [], "start_line": 27}, "": {"executed_lines": [19, 21, 24, 27, 45, 46, 47, 48, 50, 126, 309, 350], "summary": {"covered_lines": 12, "num_statements": 12, "percent_covered": 100.0, "percent_covered_display": "100", "missing_lines": 0, "excluded_lines": 0, "percent_statements_covered": 100.0, "percent_statements_covered_display": "100"}, "missing_lines": [], "excluded_lines": [], "start_line": 1}}}, "src/cv_system/calibration/marker_projector.py": {"executed_lines": [18, 20, 23, 26, 40, 43, 46, 48, 65, 66, 68, 74, 78, 81, 82, 84, 85, 88, 90, 95, 118, 119, 124, 125, 130, 131, 132, 136, 139, 142, 147, 148, 151, 152, 153, 157, 158, 163, 166, 167, 169, 174, 175, 176, 179, 180, 181, 182, 185, 187, 192, 195, 196, 197, 198, 204, 207, 210, 212, 218, 220, 227, 228, 229, 230, 235, 236, 238, 240], "summary": {"covered_lines": 69, "num_statements": 69, "percent_covered": 100.0, "percent_covered_display": "100", "missing_lines": 0, "excluded_lines": 0, "percent_statements_covered": 100.0, "percent_statements_covered_display": "100"}, "missing_lines": [], "excluded_lines": [], "functions": {"MarkerProjector.__init__": {"executed_lines": [65, 66, 68, 74, 78, 81, 82, 84, 85, 88, 90], "summary": {"covered_lines": 11, "num_statements": 11, "percent_covered": 100.0, "percent_covered_display": "100", "missing_lines": 0, "excluded_lines": 0, "percent_statements_covered": 100.0, "percent_statements_covered_display": "100"}, "missing_lines": [], "excluded_lines": [], "start_line": 48}, "MarkerProjector.project_markers": {"executed_lines": [118, 119, 124, 125, 130, 131, 132, 136, 139, 142, 147, 148, 151, 152, 153, 157, 158, 163, 166, 167, 169, 174, 175, 176, 179, 180, 181, 182, 185, 187, 192, 195, 196, 197, 198, 204, 207, 210, 212, 218], "summary": {"covered_lines": 40, "num_statements": 40, "percent_covered": 100.0, "percent_covered_display": "100", "missing_lines": 0, "excluded_lines": 0, "percent_statements_covered": 100.0, "percent_statements_covered_display": "100"}, "missing_lines": [], "excluded_lines": [], "start_line": 95}, "MarkerProjector.destroy_window": {"executed_lines": [227, 228, 229, 230, 235, 236], "summary": {"covered_lines": 6, "num_statements": 6, "percent_covered": 100.0, "percent_covered_display": "100", "missing_lines": 0, "excluded_lines": 0, "percent_statements_covered": 100.0, "percent_statements_covered_display": "100"}, "missing_lines": [], "excluded_lines": [], "start_line": 220}, "MarkerProjector.__repr__": {"executed_lines": [240], "summary": {"covered_lines": 1, "num_statements": 1, "percent_covered": 100.0, "percent_covered_display": "100", "missing_lines": 0, "excluded_lines": 0, "percent_statements_covered": 100.0, "percent_statements_covered_display": "100"}, "missing_lines": [], "excluded_lines": [], "start_line": 238}, "": {"executed_lines": [18, 20, 23, 26, 40, 43, 46, 48, 95, 220, 238], "summary": {"covered_lines": 11, "num_statements": 11, "percent_covered": 100.0, "percent_covered_display": "100", "missing_lines": 0, "excluded_lines": 0, "percent_statements_covered": 100.0, "percent_statements_covered_display": "100"}, "missing_lines": [], "excluded_lines": [], "start_line": 1}}, "classes": {"MarkerProjector": {"executed_lines": [65, 66, 68, 74, 78, 81, 82, 84, 85, 88, 90, 118, 119, 124, 125, 130, 131, 132, 136, 139, 142, 147, 148, 151, 152, 153, 157, 158, 163, 166, 167, 169, 174, 175, 176, 179, 180, 181, 182, 185, 187, 192, 195, 196, 197, 198, 204, 207, 210, 212, 218, 227, 228, 229, 230, 235, 236, 240], "summary": {"covered_lines": 58, "num_statements": 58, "percent_covered": 100.0, "percent_covered_display": "100", "missing_lines": 0, "excluded_lines": 0, "percent_statements_covered": 100.0, "percent_statements_covered_display": "100"}, "missing_lines": [], "excluded_lines": [], "start_line": 26}, "": {"executed_lines": [18, 20, 23, 26, 40, 43, 46, 48, 95, 220, 238], "summary": {"covered_lines": 11, "num_statements": 11, "percent_covered": 100.0, "percent_covered_display": "100", "missing_lines": 0, "excluded_lines": 0, "percent_statements_covered": 100.0, "percent_statements_covered_display": "100"}, "missing_lines": [], "excluded_lines": [], "start_line": 1}}}, "src/cv_system/calibration/result.py": {"executed_lines": [8, 9, 11, 14, 15, 32, 33, 34, 35, 37, 40, 44, 48, 54, 59], "summary": {"covered_lines": 15, "num_statements": 21, "percent_covered": 71.42857142857143, "percent_covered_display": "71", "missing_lines": 6, "excluded_lines": 0, "percent_statements_covered": 71.42857142857143, "percent_statements_covered_display": "71"}, "missing_lines": [41, 45, 49, 55, 61, 64], "excluded_lines": [], "functions": {"CalibrationResult.__post_init__": {"executed_lines": [40, 44, 48, 54], "summary": {"covered_lines": 4, "num_statements": 8, "percent_covered": 50.0, "percent_covered_display": "50", "missing_lines": 4, "excluded_lines": 0, "percent_statements_covered": 50.0, "percent_statements_covered_display": "50"}, "missing_lines": [41, 45, 49, 55], "excluded_lines": [], "start_line": 37}, "CalibrationResult.__repr__": {"executed_lines": [], "summary": {"covered_lines": 0, "num_statements": 2, "percent_covered": 0.0, "percent_covered_display": "0", "missing_lines": 2, "excluded_lines": 0, "percent_statements_covered": 0.0, "percent_statements_covered_display": "0"}, "missing_lines": [61, 64], "excluded_lines": [], "start_line": 59}, "": {"executed_lines": [8, 9, 11, 14, 15, 32, 33, 34, 35, 37, 59], "summary": {"covered_lines": 11, "num_statements": 11, "percent_covered": 100.0, "percent_covered_display": "100", "missing_lines": 0, "excluded_lines": 0, "percent_statements_covered": 100.0, "percent_statements_covered_display": "100"}, "missing_lines": [], "excluded_lines": [], "start_line": 1}}, "classes": {"CalibrationResult": {"executed_lines": [40, 44, 48, 54], "summary": {"covered_lines": 4, "num_statements": 10, "percent_covered": 40.0, "percent_covered_display": "40", "missing_lines": 6, "excluded_lines": 0, "percent_statements_covered": 40.0, "percent_statements_covered_display": "40"}, "missing_lines": [41, 45, 49, 55, 61, 64], "excluded_lines": [], "start_line": 15}, "": {"executed_lines": [8, 9, 11, 14, 15, 32, 33, 34, 35, 37, 59], "summary": {"covered_lines": 11, "num_statements": 11, "percent_covered": 100.0, "percent_covered_display": "100", "missing_lines": 0, "excluded_lines": 0, "percent_statements_covered": 100.0, "percent_statements_covered_display": "100"}, "missing_lines": [], "excluded_lines": [], "start_line": 1}}}}, "totals": {"covered_lines": 372, "num_statements": 423, "percent_covered": 87.94326241134752, "percent_covered_display": "88", "missing_lines": 51, "excluded_lines": 0, "percent_statements_covered": 87.94326241134752, "percent_statements_covered_display": "88"}}